# JRE version: Java(TM) SE Runtime Environment (8.0_66-b18) (build 1.8.0_66-b18)
# Java VM: Java HotSpot(TM) 64-Bit Server VM (25.66-b18 mixed mode windows-amd64 compressed oops)
Heap:
 PSYoungGen      total 100864K, used 38558K [0x00000000f5580000, 0x00000000fba80000, 0x0000000100000000)
  eden space 98304K, 39% used [0x00000000f5580000,0x00000000f7b279f8,0x00000000fb580000)
  from space 2560K, 0% used [0x00000000fb580000,0x00000000fb580000,0x00000000fb800000)
  to   space 2560K, 0% used [0x00000000fb800000,0x00000000fb800000,0x00000000fba80000)
 ParOldGen       total 98304K, used 55060K [0x00000000e0000000, 0x00000000e6000000, 0x00000000f5580000)
  object space 98304K, 56% used [0x00000000e0000000,0x00000000e35c5210,0x00000000e6000000)
 Metaspace       used 87325K, capacity 94590K, committed 94808K, reserved 1130496K
  class space    used 10487K, capacity 12895K, committed 12928K, reserved 1048576K
GC Heap History (10 events):
Event: 6422.079 GC heap before
{Heap before GC invocations=116 (full 49):
 PSYoungGen      total 98816K, used 160K [0x00000000f5580000, 0x00000000fba80000, 0x0000000100000000)
  eden space 98304K, 0% used [0x00000000f5580000,0x00000000f5580000,0x00000000fb580000)
  from space 512K, 31% used [0x00000000fb580000,0x00000000fb5a8000,0x00000000fb600000)
  to   space 2560K, 0% used [0x00000000fb800000,0x00000000fb800000,0x00000000fba80000)
 ParOldGen       total 98304K, used 54983K [0x00000000e0000000, 0x00000000e6000000, 0x00000000f5580000)
  object space 98304K, 55% used [0x00000000e0000000,0x00000000e35b1d88,0x00000000e6000000)
 Metaspace       used 86090K, capacity 93292K, committed 93656K, reserved 1130496K
  class space    used 10359K, capacity 12699K, committed 12800K, reserved 1048576K
Event: 6422.160 GC heap after
Heap after GC invocations=116 (full 49):
 PSYoungGen      total 98816K, used 0K [0x00000000f5580000, 0x00000000fba80000, 0x0000000100000000)
  eden space 98304K, 0% used [0x00000000f5580000,0x00000000f5580000,0x00000000fb580000)
  from space 512K, 0% used [0x00000000fb580000,0x00000000fb580000,0x00000000fb600000)
  to   space 2560K, 0% used [0x00000000fb800000,0x00000000fb800000,0x00000000fba80000)
 ParOldGen       total 98304K, used 54828K [0x00000000e0000000, 0x00000000e6000000, 0x00000000f5580000)
  object space 98304K, 55% used [0x00000000e0000000,0x00000000e358b148,0x00000000e6000000)
 Metaspace       used 86090K, capacity 93292K, committed 93656K, reserved 1130496K
  class space    used 10359K, capacity 12699K, committed 12800K, reserved 1048576K
}
Event: 6482.095 GC heap before
{Heap before GC invocations=117 (full 49):
 PSYoungGen      total 98816K, used 2696K [0x00000000f5580000, 0x00000000fba80000, 0x0000000100000000)
  eden space 98304K, 2% used [0x00000000f5580000,0x00000000f58222c0,0x00000000fb580000)
  from space 512K, 0% used [0x00000000fb580000,0x00000000fb580000,0x00000000fb600000)
  to   space 2560K, 0% used [0x00000000fb800000,0x00000000fb800000,0x00000000fba80000)
 ParOldGen       total 98304K, used 54828K [0x00000000e0000000, 0x00000000e6000000, 0x00000000f5580000)
  object space 98304K, 55% used [0x00000000e0000000,0x00000000e358b148,0x00000000e6000000)
 Metaspace       used 86090K, capacity 93292K, committed 93656K, reserved 1130496K
  class space    used 10359K, capacity 12699K, committed 12800K, reserved 1048576K
Event: 6482.097 GC heap after
Heap after GC invocations=117 (full 49):
 PSYoungGen      total 100864K, used 192K [0x00000000f5580000, 0x00000000fba80000, 0x0000000100000000)
  eden space 98304K, 0% used [0x00000000f5580000,0x00000000f5580000,0x00000000fb580000)
  from space 2560K, 7% used [0x00000000fb800000,0x00000000fb830000,0x00000000fba80000)
  to   space 2560K, 0% used [0x00000000fb580000,0x00000000fb580000,0x00000000fb800000)
 ParOldGen       total 98304K, used 54828K [0x00000000e0000000, 0x00000000e6000000, 0x00000000f5580000)
  object space 98304K, 55% used [0x00000000e0000000,0x00000000e358b148,0x00000000e6000000)
 Metaspace       used 86090K, capacity 93292K, committed 93656K, reserved 1130496K
  class space    used 10359K, capacity 12699K, committed 12800K, reserved 1048576K
}
Event: 6482.097 GC heap before
{Heap before GC invocations=118 (full 50):
 PSYoungGen      total 100864K, used 192K [0x00000000f5580000, 0x00000000fba80000, 0x0000000100000000)
  eden space 98304K, 0% used [0x00000000f5580000,0x00000000f5580000,0x00000000fb580000)
  from space 2560K, 7% used [0x00000000fb800000,0x00000000fb830000,0x00000000fba80000)
  to   space 2560K, 0% used [0x00000000fb580000,0x00000000fb580000,0x00000000fb800000)
 ParOldGen       total 98304K, used 54828K [0x00000000e0000000, 0x00000000e6000000, 0x00000000f5580000)
  object space 98304K, 55% used [0x00000000e0000000,0x00000000e358b148,0x00000000e6000000)
 Metaspace       used 86090K, capacity 93292K, committed 93656K, reserved 1130496K
  class space    used 10359K, capacity 12699K, committed 12800K, reserved 1048576K
Event: 6482.186 GC heap after
Heap after GC invocations=118 (full 50):
 PSYoungGen      total 100864K, used 0K [0x00000000f5580000, 0x00000000fba80000, 0x0000000100000000)
  eden space 98304K, 0% used [0x00000000f5580000,0x00000000f5580000,0x00000000fb580000)
  from space 2560K, 0% used [0x00000000fb800000,0x00000000fb800000,0x00000000fba80000)
  to   space 2560K, 0% used [0x00000000fb580000,0x00000000fb580000,0x00000000fb800000)
 ParOldGen       total 98304K, used 54828K [0x00000000e0000000, 0x00000000e6000000, 0x00000000f5580000)
  object space 98304K, 55% used [0x00000000e0000000,0x00000000e358b148,0x00000000e6000000)
 Metaspace       used 86090K, capacity 93292K, committed 93656K, reserved 1130496K
  class space    used 10359K, capacity 12699K, committed 12800K, reserved 1048576K
}
Event: 6561.998 GC heap before
{Heap before GC invocations=119 (full 50):
 PSYoungGen      total 100864K, used 23686K [0x00000000f5580000, 0x00000000fba80000, 0x0000000100000000)
  eden space 98304K, 24% used [0x00000000f5580000,0x00000000f6ca1870,0x00000000fb580000)
  from space 2560K, 0% used [0x00000000fb800000,0x00000000fb800000,0x00000000fba80000)
  to   space 2560K, 0% used [0x00000000fb580000,0x00000000fb580000,0x00000000fb800000)
 ParOldGen       total 98304K, used 54828K [0x00000000e0000000, 0x00000000e6000000, 0x00000000f5580000)
  object space 98304K, 55% used [0x00000000e0000000,0x00000000e358b148,0x00000000e6000000)
 Metaspace       used 86311K, capacity 93588K, committed 93912K, reserved 1130496K
  class space    used 10374K, capacity 12734K, committed 12800K, reserved 1048576K
Event: 6562.001 GC heap after
Heap after GC invocations=119 (full 50):
 PSYoungGen      total 100864K, used 476K [0x00000000f5580000, 0x00000000fba80000, 0x0000000100000000)
  eden space 98304K, 0% used [0x00000000f5580000,0x00000000f5580000,0x00000000fb580000)
  from space 2560K, 18% used [0x00000000fb580000,0x00000000fb5f71f8,0x00000000fb800000)
  to   space 2560K, 0% used [0x00000000fb800000,0x00000000fb800000,0x00000000fba80000)
 ParOldGen       total 98304K, used 54836K [0x00000000e0000000, 0x00000000e6000000, 0x00000000f5580000)
  object space 98304K, 55% used [0x00000000e0000000,0x00000000e358d148,0x00000000e6000000)
 Metaspace       used 86311K, capacity 93588K, committed 93912K, reserved 1130496K
  class space    used 10374K, capacity 12734K, committed 12800K, reserved 1048576K
}
Event: 6562.001 GC heap before
{Heap before GC invocations=120 (full 51):
 PSYoungGen      total 100864K, used 476K [0x00000000f5580000, 0x00000000fba80000, 0x0000000100000000)
  eden space 98304K, 0% used [0x00000000f5580000,0x00000000f5580000,0x00000000fb580000)
  from space 2560K, 18% used [0x00000000fb580000,0x00000000fb5f71f8,0x00000000fb800000)
  to   space 2560K, 0% used [0x00000000fb800000,0x00000000fb800000,0x00000000fba80000)
 ParOldGen       total 98304K, used 54836K [0x00000000e0000000, 0x00000000e6000000, 0x00000000f5580000)
  object space 98304K, 55% used [0x00000000e0000000,0x00000000e358d148,0x00000000e6000000)
 Metaspace       used 86311K, capacity 93588K, committed 93912K, reserved 1130496K
  class space    used 10374K, capacity 12734K, committed 12800K, reserved 1048576K
Event: 6562.190 GC heap after
Heap after GC invocations=120 (full 51):
 PSYoungGen      total 100864K, used 0K [0x00000000f5580000, 0x00000000fba80000, 0x0000000100000000)
  eden space 98304K, 0% used [0x00000000f5580000,0x00000000f5580000,0x00000000fb580000)
  from space 2560K, 0% used [0x00000000fb580000,0x00000000fb580000,0x00000000fb800000)
  to   space 2560K, 0% used [0x00000000fb800000,0x00000000fb800000,0x00000000fba80000)
 ParOldGen       total 98304K, used 55060K [0x00000000e0000000, 0x00000000e6000000, 0x00000000f5580000)
  object space 98304K, 56% used [0x00000000e0000000,0x00000000e35c5210,0x00000000e6000000)
 Metaspace       used 86311K, capacity 93588K, committed 93912K, reserved 1130496K
  class space    used 10374K, capacity 12734K, committed 12800K, reserved 1048576K
}

