# JRE version: Java(TM) SE Runtime Environment (8.0_66-b18) (build 1.8.0_66-b18)
# Java VM: Java HotSpot(TM) 64-Bit Server VM (25.66-b18 mixed mode windows-amd64 compressed oops)
Heap:
 PSYoungGen      total 121344K, used 37539K [0x00000000f5580000, 0x00000000fcd80000, 0x0000000100000000)
  eden space 120832K, 31% used [0x00000000f5580000,0x00000000f7a28d98,0x00000000fcb80000)
  from space 512K, 0% used [0x00000000fcc80000,0x00000000fcc80000,0x00000000fcd00000)
  to   space 1024K, 0% used [0x00000000fcb80000,0x00000000fcb80000,0x00000000fcc80000)
 ParOldGen       total 115712K, used 47705K [0x00000000e0000000, 0x00000000e7100000, 0x00000000f5580000)
  object space 115712K, 41% used [0x00000000e0000000,0x00000000e2e964d0,0x00000000e7100000)
 Metaspace       used 89328K, capacity 96498K, committed 96984K, reserved 1132544K
  class space    used 10769K, capacity 13206K, committed 13312K, reserved 1048576K
GC Heap History (10 events):
Event: 5911.255 GC heap before
{Heap before GC invocations=201 (full 95):
 PSYoungGen      total 121856K, used 160K [0x00000000f5580000, 0x00000000fcd80000, 0x0000000100000000)
  eden space 120832K, 0% used [0x00000000f5580000,0x00000000f5580000,0x00000000fcb80000)
  from space 1024K, 15% used [0x00000000fcc80000,0x00000000fcca8000,0x00000000fcd80000)
  to   space 1024K, 0% used [0x00000000fcb80000,0x00000000fcb80000,0x00000000fcc80000)
 ParOldGen       total 115712K, used 47497K [0x00000000e0000000, 0x00000000e7100000, 0x00000000f5580000)
  object space 115712K, 41% used [0x00000000e0000000,0x00000000e2e62758,0x00000000e7100000)
 Metaspace       used 88463K, capacity 95880K, committed 96344K, reserved 1132544K
  class space    used 10675K, capacity 13045K, committed 13184K, reserved 1048576K
Event: 5911.350 GC heap after
Heap after GC invocations=201 (full 95):
 PSYoungGen      total 121856K, used 0K [0x00000000f5580000, 0x00000000fcd80000, 0x0000000100000000)
  eden space 120832K, 0% used [0x00000000f5580000,0x00000000f5580000,0x00000000fcb80000)
  from space 1024K, 0% used [0x00000000fcc80000,0x00000000fcc80000,0x00000000fcd80000)
  to   space 1024K, 0% used [0x00000000fcb80000,0x00000000fcb80000,0x00000000fcc80000)
 ParOldGen       total 115712K, used 47497K [0x00000000e0000000, 0x00000000e7100000, 0x00000000f5580000)
  object space 115712K, 41% used [0x00000000e0000000,0x00000000e2e62758,0x00000000e7100000)
 Metaspace       used 88463K, capacity 95880K, committed 96344K, reserved 1132544K
  class space    used 10675K, capacity 13045K, committed 13184K, reserved 1048576K
}
Event: 5971.269 GC heap before
{Heap before GC invocations=202 (full 95):
 PSYoungGen      total 121856K, used 4975K [0x00000000f5580000, 0x00000000fcd80000, 0x0000000100000000)
  eden space 120832K, 4% used [0x00000000f5580000,0x00000000f5a5bf10,0x00000000fcb80000)
  from space 1024K, 0% used [0x00000000fcc80000,0x00000000fcc80000,0x00000000fcd80000)
  to   space 1024K, 0% used [0x00000000fcb80000,0x00000000fcb80000,0x00000000fcc80000)
 ParOldGen       total 115712K, used 47497K [0x00000000e0000000, 0x00000000e7100000, 0x00000000f5580000)
  object space 115712K, 41% used [0x00000000e0000000,0x00000000e2e62758,0x00000000e7100000)
 Metaspace       used 88469K, capacity 95944K, committed 96344K, reserved 1132544K
  class space    used 10675K, capacity 13045K, committed 13184K, reserved 1048576K
Event: 5971.272 GC heap after
Heap after GC invocations=202 (full 95):
 PSYoungGen      total 121856K, used 192K [0x00000000f5580000, 0x00000000fcd00000, 0x0000000100000000)
  eden space 120832K, 0% used [0x00000000f5580000,0x00000000f5580000,0x00000000fcb80000)
  from space 1024K, 18% used [0x00000000fcb80000,0x00000000fcbb0000,0x00000000fcc80000)
  to   space 512K, 0% used [0x00000000fcc80000,0x00000000fcc80000,0x00000000fcd00000)
 ParOldGen       total 115712K, used 47505K [0x00000000e0000000, 0x00000000e7100000, 0x00000000f5580000)
  object space 115712K, 41% used [0x00000000e0000000,0x00000000e2e64758,0x00000000e7100000)
 Metaspace       used 88469K, capacity 95944K, committed 96344K, reserved 1132544K
  class space    used 10675K, capacity 13045K, committed 13184K, reserved 1048576K
}
Event: 5971.272 GC heap before
{Heap before GC invocations=203 (full 96):
 PSYoungGen      total 121856K, used 192K [0x00000000f5580000, 0x00000000fcd00000, 0x0000000100000000)
  eden space 120832K, 0% used [0x00000000f5580000,0x00000000f5580000,0x00000000fcb80000)
  from space 1024K, 18% used [0x00000000fcb80000,0x00000000fcbb0000,0x00000000fcc80000)
  to   space 512K, 0% used [0x00000000fcc80000,0x00000000fcc80000,0x00000000fcd00000)
 ParOldGen       total 115712K, used 47505K [0x00000000e0000000, 0x00000000e7100000, 0x00000000f5580000)
  object space 115712K, 41% used [0x00000000e0000000,0x00000000e2e64758,0x00000000e7100000)
 Metaspace       used 88469K, capacity 95944K, committed 96344K, reserved 1132544K
  class space    used 10675K, capacity 13045K, committed 13184K, reserved 1048576K
Event: 5971.362 GC heap after
Heap after GC invocations=203 (full 96):
 PSYoungGen      total 121856K, used 0K [0x00000000f5580000, 0x00000000fcd00000, 0x0000000100000000)
  eden space 120832K, 0% used [0x00000000f5580000,0x00000000f5580000,0x00000000fcb80000)
  from space 1024K, 0% used [0x00000000fcb80000,0x00000000fcb80000,0x00000000fcc80000)
  to   space 512K, 0% used [0x00000000fcc80000,0x00000000fcc80000,0x00000000fcd00000)
 ParOldGen       total 115712K, used 47551K [0x00000000e0000000, 0x00000000e7100000, 0x00000000f5580000)
  object space 115712K, 41% used [0x00000000e0000000,0x00000000e2e6ffc0,0x00000000e7100000)
 Metaspace       used 88469K, capacity 95944K, committed 96344K, reserved 1132544K
  class space    used 10675K, capacity 13045K, committed 13184K, reserved 1048576K
}
Event: 6031.276 GC heap before
{Heap before GC invocations=204 (full 96):
 PSYoungGen      total 121856K, used 9604K [0x00000000f5580000, 0x00000000fcd00000, 0x0000000100000000)
  eden space 120832K, 7% used [0x00000000f5580000,0x00000000f5ee1138,0x00000000fcb80000)
  from space 1024K, 0% used [0x00000000fcb80000,0x00000000fcb80000,0x00000000fcc80000)
  to   space 512K, 0% used [0x00000000fcc80000,0x00000000fcc80000,0x00000000fcd00000)
 ParOldGen       total 115712K, used 47551K [0x00000000e0000000, 0x00000000e7100000, 0x00000000f5580000)
  object space 115712K, 41% used [0x00000000e0000000,0x00000000e2e6ffc0,0x00000000e7100000)
 Metaspace       used 88472K, capacity 95944K, committed 96344K, reserved 1132544K
  class space    used 10675K, capacity 13045K, committed 13184K, reserved 1048576K
Event: 6031.279 GC heap after
Heap after GC invocations=204 (full 96):
 PSYoungGen      total 121344K, used 480K [0x00000000f5580000, 0x00000000fcd80000, 0x0000000100000000)
  eden space 120832K, 0% used [0x00000000f5580000,0x00000000f5580000,0x00000000fcb80000)
  from space 512K, 93% used [0x00000000fcc80000,0x00000000fccf8000,0x00000000fcd00000)
  to   space 1024K, 0% used [0x00000000fcb80000,0x00000000fcb80000,0x00000000fcc80000)
 ParOldGen       total 115712K, used 47559K [0x00000000e0000000, 0x00000000e7100000, 0x00000000f5580000)
  object space 115712K, 41% used [0x00000000e0000000,0x00000000e2e71fc0,0x00000000e7100000)
 Metaspace       used 88472K, capacity 95944K, committed 96344K, reserved 1132544K
  class space    used 10675K, capacity 13045K, committed 13184K, reserved 1048576K
}
Event: 6031.279 GC heap before
{Heap before GC invocations=205 (full 97):
 PSYoungGen      total 121344K, used 480K [0x00000000f5580000, 0x00000000fcd80000, 0x0000000100000000)
  eden space 120832K, 0% used [0x00000000f5580000,0x00000000f5580000,0x00000000fcb80000)
  from space 512K, 93% used [0x00000000fcc80000,0x00000000fccf8000,0x00000000fcd00000)
  to   space 1024K, 0% used [0x00000000fcb80000,0x00000000fcb80000,0x00000000fcc80000)
 ParOldGen       total 115712K, used 47559K [0x00000000e0000000, 0x00000000e7100000, 0x00000000f5580000)
  object space 115712K, 41% used [0x00000000e0000000,0x00000000e2e71fc0,0x00000000e7100000)
 Metaspace       used 88472K, capacity 95944K, committed 96344K, reserved 1132544K
  class space    used 10675K, capacity 13045K, committed 13184K, reserved 1048576K
Event: 6031.367 GC heap after
Heap after GC invocations=205 (full 97):
 PSYoungGen      total 121344K, used 0K [0x00000000f5580000, 0x00000000fcd80000, 0x0000000100000000)
  eden space 120832K, 0% used [0x00000000f5580000,0x00000000f5580000,0x00000000fcb80000)
  from space 512K, 0% used [0x00000000fcc80000,0x00000000fcc80000,0x00000000fcd00000)
  to   space 1024K, 0% used [0x00000000fcb80000,0x00000000fcb80000,0x00000000fcc80000)
 ParOldGen       total 115712K, used 47705K [0x00000000e0000000, 0x00000000e7100000, 0x00000000f5580000)
  object space 115712K, 41% used [0x00000000e0000000,0x00000000e2e964d0,0x00000000e7100000)
 Metaspace       used 88472K, capacity 95944K, committed 96344K, reserved 1132544K
  class space    used 10675K, capacity 13045K, committed 13184K, reserved 1048576K
}

