# JRE version: Java(TM) SE Runtime Environment (8.0_66-b18) (build 1.8.0_66-b18)
# Java VM: Java HotSpot(TM) 64-Bit Server VM (25.66-b18 mixed mode windows-amd64 compressed oops)
Heap:
 PSYoungGen      total 138240K, used 47155K [0x00000000f5580000, 0x00000000ffe80000, 0x0000000100000000)
  eden space 103424K, 45% used [0x00000000f5580000,0x00000000f838cd08,0x00000000fba80000)
  from space 34816K, 0% used [0x00000000fba80000,0x00000000fba80000,0x00000000fdc80000)
  to   space 34816K, 0% used [0x00000000fdc80000,0x00000000fdc80000,0x00000000ffe80000)
 ParOldGen       total 114176K, used 48259K [0x00000000e0000000, 0x00000000e6f80000, 0x00000000f5580000)
  object space 114176K, 42% used [0x00000000e0000000,0x00000000e2f20d88,0x00000000e6f80000)
 Metaspace       used 89070K, capacity 96366K, committed 96792K, reserved 1132544K
  class space    used 10849K, capacity 13289K, committed 13360K, reserved 1048576K
GC Heap History (10 events):
Event: 665.682 GC heap before
{Heap before GC invocations=18 (full 5):
 PSYoungGen      total 138240K, used 102912K [0x00000000f5580000, 0x0000000100000000, 0x0000000100000000)
  eden space 102912K, 100% used [0x00000000f5580000,0x00000000fba00000,0x00000000fba00000)
  from space 35328K, 0% used [0x00000000fdd80000,0x00000000fdd80000,0x0000000100000000)
  to   space 35840K, 0% used [0x00000000fba00000,0x00000000fba00000,0x00000000fdd00000)
 ParOldGen       total 114176K, used 60200K [0x00000000e0000000, 0x00000000e6f80000, 0x00000000f5580000)
  object space 114176K, 52% used [0x00000000e0000000,0x00000000e3aca228,0x00000000e6f80000)
 Metaspace       used 88109K, capacity 95486K, committed 95512K, reserved 1132544K
  class space    used 10754K, capacity 13086K, committed 13104K, reserved 1048576K
Event: 665.688 GC heap after
Heap after GC invocations=18 (full 5):
 PSYoungGen      total 138752K, used 4520K [0x00000000f5580000, 0x00000000fff80000, 0x0000000100000000)
  eden space 102912K, 0% used [0x00000000f5580000,0x00000000f5580000,0x00000000fba00000)
  from space 35840K, 12% used [0x00000000fba00000,0x00000000fbe6a1f0,0x00000000fdd00000)
  to   space 35328K, 0% used [0x00000000fdd00000,0x00000000fdd00000,0x00000000fff80000)
 ParOldGen       total 114176K, used 60208K [0x00000000e0000000, 0x00000000e6f80000, 0x00000000f5580000)
  object space 114176K, 52% used [0x00000000e0000000,0x00000000e3acc228,0x00000000e6f80000)
 Metaspace       used 88109K, capacity 95486K, committed 95512K, reserved 1132544K
  class space    used 10754K, capacity 13086K, committed 13104K, reserved 1048576K
}
Event: 1088.368 GC heap before
{Heap before GC invocations=19 (full 5):
 PSYoungGen      total 138752K, used 45909K [0x00000000f5580000, 0x00000000fff80000, 0x0000000100000000)
  eden space 102912K, 40% used [0x00000000f5580000,0x00000000f7deb548,0x00000000fba00000)
  from space 35840K, 12% used [0x00000000fba00000,0x00000000fbe6a1f0,0x00000000fdd00000)
  to   space 35328K, 0% used [0x00000000fdd00000,0x00000000fdd00000,0x00000000fff80000)
 ParOldGen       total 114176K, used 60208K [0x00000000e0000000, 0x00000000e6f80000, 0x00000000f5580000)
  object space 114176K, 52% used [0x00000000e0000000,0x00000000e3acc228,0x00000000e6f80000)
 Metaspace       used 88201K, capacity 95506K, committed 95768K, reserved 1132544K
  class space    used 10759K, capacity 13091K, committed 13104K, reserved 1048576K
Event: 1088.373 GC heap after
Heap after GC invocations=19 (full 5):
 PSYoungGen      total 137728K, used 2873K [0x00000000f5580000, 0x00000000ffe80000, 0x0000000100000000)
  eden space 103424K, 0% used [0x00000000f5580000,0x00000000f5580000,0x00000000fba80000)
  from space 34304K, 8% used [0x00000000fdd00000,0x00000000fdfce4f8,0x00000000ffe80000)
  to   space 34816K, 0% used [0x00000000fba80000,0x00000000fba80000,0x00000000fdc80000)
 ParOldGen       total 114176K, used 60216K [0x00000000e0000000, 0x00000000e6f80000, 0x00000000f5580000)
  object space 114176K, 52% used [0x00000000e0000000,0x00000000e3ace228,0x00000000e6f80000)
 Metaspace       used 88201K, capacity 95506K, committed 95768K, reserved 1132544K
  class space    used 10759K, capacity 13091K, committed 13104K, reserved 1048576K
}
Event: 1088.373 GC heap before
{Heap before GC invocations=20 (full 6):
 PSYoungGen      total 137728K, used 2873K [0x00000000f5580000, 0x00000000ffe80000, 0x0000000100000000)
  eden space 103424K, 0% used [0x00000000f5580000,0x00000000f5580000,0x00000000fba80000)
  from space 34304K, 8% used [0x00000000fdd00000,0x00000000fdfce4f8,0x00000000ffe80000)
  to   space 34816K, 0% used [0x00000000fba80000,0x00000000fba80000,0x00000000fdc80000)
 ParOldGen       total 114176K, used 60216K [0x00000000e0000000, 0x00000000e6f80000, 0x00000000f5580000)
  object space 114176K, 52% used [0x00000000e0000000,0x00000000e3ace228,0x00000000e6f80000)
 Metaspace       used 88201K, capacity 95506K, committed 95768K, reserved 1132544K
  class space    used 10759K, capacity 13091K, committed 13104K, reserved 1048576K
Event: 1088.585 GC heap after
Heap after GC invocations=20 (full 6):
 PSYoungGen      total 137728K, used 0K [0x00000000f5580000, 0x00000000ffe80000, 0x0000000100000000)
  eden space 103424K, 0% used [0x00000000f5580000,0x00000000f5580000,0x00000000fba80000)
  from space 34304K, 0% used [0x00000000fdd00000,0x00000000fdd00000,0x00000000ffe80000)
  to   space 34816K, 0% used [0x00000000fba80000,0x00000000fba80000,0x00000000fdc80000)
 ParOldGen       total 114176K, used 48893K [0x00000000e0000000, 0x00000000e6f80000, 0x00000000f5580000)
  object space 114176K, 42% used [0x00000000e0000000,0x00000000e2fbf480,0x00000000e6f80000)
 Metaspace       used 88132K, capacity 95388K, committed 95768K, reserved 1132544K
  class space    used 10746K, capacity 13068K, committed 13104K, reserved 1048576K
}
Event: 1148.377 GC heap before
{Heap before GC invocations=21 (full 6):
 PSYoungGen      total 137728K, used 3808K [0x00000000f5580000, 0x00000000ffe80000, 0x0000000100000000)
  eden space 103424K, 3% used [0x00000000f5580000,0x00000000f5938380,0x00000000fba80000)
  from space 34304K, 0% used [0x00000000fdd00000,0x00000000fdd00000,0x00000000ffe80000)
  to   space 34816K, 0% used [0x00000000fba80000,0x00000000fba80000,0x00000000fdc80000)
 ParOldGen       total 114176K, used 48893K [0x00000000e0000000, 0x00000000e6f80000, 0x00000000f5580000)
  object space 114176K, 42% used [0x00000000e0000000,0x00000000e2fbf480,0x00000000e6f80000)
 Metaspace       used 88134K, capacity 95388K, committed 95768K, reserved 1132544K
  class space    used 10746K, capacity 13068K, committed 13104K, reserved 1048576K
Event: 1148.381 GC heap after
Heap after GC invocations=21 (full 6):
 PSYoungGen      total 138240K, used 224K [0x00000000f5580000, 0x00000000ffe80000, 0x0000000100000000)
  eden space 103424K, 0% used [0x00000000f5580000,0x00000000f5580000,0x00000000fba80000)
  from space 34816K, 0% used [0x00000000fba80000,0x00000000fbab8000,0x00000000fdc80000)
  to   space 34816K, 0% used [0x00000000fdc80000,0x00000000fdc80000,0x00000000ffe80000)
 ParOldGen       total 114176K, used 48893K [0x00000000e0000000, 0x00000000e6f80000, 0x00000000f5580000)
  object space 114176K, 42% used [0x00000000e0000000,0x00000000e2fbf480,0x00000000e6f80000)
 Metaspace       used 88134K, capacity 95388K, committed 95768K, reserved 1132544K
  class space    used 10746K, capacity 13068K, committed 13104K, reserved 1048576K
}
Event: 1148.381 GC heap before
{Heap before GC invocations=22 (full 7):
 PSYoungGen      total 138240K, used 224K [0x00000000f5580000, 0x00000000ffe80000, 0x0000000100000000)
  eden space 103424K, 0% used [0x00000000f5580000,0x00000000f5580000,0x00000000fba80000)
  from space 34816K, 0% used [0x00000000fba80000,0x00000000fbab8000,0x00000000fdc80000)
  to   space 34816K, 0% used [0x00000000fdc80000,0x00000000fdc80000,0x00000000ffe80000)
 ParOldGen       total 114176K, used 48893K [0x00000000e0000000, 0x00000000e6f80000, 0x00000000f5580000)
  object space 114176K, 42% used [0x00000000e0000000,0x00000000e2fbf480,0x00000000e6f80000)
 Metaspace       used 88134K, capacity 95388K, committed 95768K, reserved 1132544K
  class space    used 10746K, capacity 13068K, committed 13104K, reserved 1048576K
Event: 1148.568 GC heap after
Heap after GC invocations=22 (full 7):
 PSYoungGen      total 138240K, used 0K [0x00000000f5580000, 0x00000000ffe80000, 0x0000000100000000)
  eden space 103424K, 0% used [0x00000000f5580000,0x00000000f5580000,0x00000000fba80000)
  from space 34816K, 0% used [0x00000000fba80000,0x00000000fba80000,0x00000000fdc80000)
  to   space 34816K, 0% used [0x00000000fdc80000,0x00000000fdc80000,0x00000000ffe80000)
 ParOldGen       total 114176K, used 48259K [0x00000000e0000000, 0x00000000e6f80000, 0x00000000f5580000)
  object space 114176K, 42% used [0x00000000e0000000,0x00000000e2f20d88,0x00000000e6f80000)
 Metaspace       used 88123K, capacity 95370K, committed 95768K, reserved 1132544K
  class space    used 10745K, capacity 13065K, committed 13104K, reserved 1048576K
}

