# JRE version: Java(TM) SE Runtime Environment (8.0_66-b18) (build 1.8.0_66-b18)
# Java VM: Java HotSpot(TM) 64-Bit Server VM (25.66-b18 mixed mode windows-amd64 compressed oops)
Heap:
 PSYoungGen      total 81408K, used 57699K [0x00000000f5580000, 0x00000000fc280000, 0x0000000100000000)
  eden space 80896K, 71% used [0x00000000f5580000,0x00000000f8dd8ff8,0x00000000fa480000)
  from space 512K, 0% used [0x00000000fa480000,0x00000000fa480000,0x00000000fa500000)
  to   space 15360K, 0% used [0x00000000fb380000,0x00000000fb380000,0x00000000fc280000)
 ParOldGen       total 117248K, used 49680K [0x00000000e0000000, 0x00000000e7280000, 0x00000000f5580000)
  object space 117248K, 42% used [0x00000000e0000000,0x00000000e3084388,0x00000000e7280000)
 Metaspace       used 91519K, capacity 98964K, committed 99096K, reserved 1134592K
  class space    used 11177K, capacity 13574K, committed 13616K, reserved 1048576K
GC Heap History (10 events):
Event: 1235.878 GC heap before
{Heap before GC invocations=52 (full 21):
 PSYoungGen      total 81408K, used 480K [0x00000000f5580000, 0x00000000fc580000, 0x0000000100000000)
  eden space 80896K, 0% used [0x00000000f5580000,0x00000000f5580000,0x00000000fa480000)
  from space 512K, 93% used [0x00000000fa480000,0x00000000fa4f8000,0x00000000fa500000)
  to   space 16896K, 0% used [0x00000000fb500000,0x00000000fb500000,0x00000000fc580000)
 ParOldGen       total 117248K, used 49738K [0x00000000e0000000, 0x00000000e7280000, 0x00000000f5580000)
  object space 117248K, 42% used [0x00000000e0000000,0x00000000e3092b98,0x00000000e7280000)
 Metaspace       used 90618K, capacity 97976K, committed 98200K, reserved 1134592K
  class space    used 11076K, capacity 13378K, committed 13488K, reserved 1048576K
Event: 1236.104 GC heap after
Heap after GC invocations=52 (full 21):
 PSYoungGen      total 81408K, used 0K [0x00000000f5580000, 0x00000000fc580000, 0x0000000100000000)
  eden space 80896K, 0% used [0x00000000f5580000,0x00000000f5580000,0x00000000fa480000)
  from space 512K, 0% used [0x00000000fa480000,0x00000000fa480000,0x00000000fa500000)
  to   space 16896K, 0% used [0x00000000fb500000,0x00000000fb500000,0x00000000fc580000)
 ParOldGen       total 117248K, used 49848K [0x00000000e0000000, 0x00000000e7280000, 0x00000000f5580000)
  object space 117248K, 42% used [0x00000000e0000000,0x00000000e30ae298,0x00000000e7280000)
 Metaspace       used 90618K, capacity 97976K, committed 98200K, reserved 1134592K
  class space    used 11076K, capacity 13378K, committed 13488K, reserved 1048576K
}
Event: 1295.883 GC heap before
{Heap before GC invocations=53 (full 21):
 PSYoungGen      total 81408K, used 2985K [0x00000000f5580000, 0x00000000fc580000, 0x0000000100000000)
  eden space 80896K, 3% used [0x00000000f5580000,0x00000000f586a498,0x00000000fa480000)
  from space 512K, 0% used [0x00000000fa480000,0x00000000fa480000,0x00000000fa500000)
  to   space 16896K, 0% used [0x00000000fb500000,0x00000000fb500000,0x00000000fc580000)
 ParOldGen       total 117248K, used 49848K [0x00000000e0000000, 0x00000000e7280000, 0x00000000f5580000)
  object space 117248K, 42% used [0x00000000e0000000,0x00000000e30ae298,0x00000000e7280000)
 Metaspace       used 90624K, capacity 97976K, committed 98200K, reserved 1134592K
  class space    used 11076K, capacity 13378K, committed 13488K, reserved 1048576K
Event: 1295.890 GC heap after
Heap after GC invocations=53 (full 21):
 PSYoungGen      total 95744K, used 192K [0x00000000f5580000, 0x00000000fc380000, 0x0000000100000000)
  eden space 80896K, 0% used [0x00000000f5580000,0x00000000f5580000,0x00000000fa480000)
  from space 14848K, 1% used [0x00000000fb500000,0x00000000fb530000,0x00000000fc380000)
  to   space 15872K, 0% used [0x00000000fa480000,0x00000000fa480000,0x00000000fb400000)
 ParOldGen       total 117248K, used 49848K [0x00000000e0000000, 0x00000000e7280000, 0x00000000f5580000)
  object space 117248K, 42% used [0x00000000e0000000,0x00000000e30ae298,0x00000000e7280000)
 Metaspace       used 90624K, capacity 97976K, committed 98200K, reserved 1134592K
  class space    used 11076K, capacity 13378K, committed 13488K, reserved 1048576K
}
Event: 1295.890 GC heap before
{Heap before GC invocations=54 (full 22):
 PSYoungGen      total 95744K, used 192K [0x00000000f5580000, 0x00000000fc380000, 0x0000000100000000)
  eden space 80896K, 0% used [0x00000000f5580000,0x00000000f5580000,0x00000000fa480000)
  from space 14848K, 1% used [0x00000000fb500000,0x00000000fb530000,0x00000000fc380000)
  to   space 15872K, 0% used [0x00000000fa480000,0x00000000fa480000,0x00000000fb400000)
 ParOldGen       total 117248K, used 49848K [0x00000000e0000000, 0x00000000e7280000, 0x00000000f5580000)
  object space 117248K, 42% used [0x00000000e0000000,0x00000000e30ae298,0x00000000e7280000)
 Metaspace       used 90624K, capacity 97976K, committed 98200K, reserved 1134592K
  class space    used 11076K, capacity 13378K, committed 13488K, reserved 1048576K
Event: 1296.086 GC heap after
Heap after GC invocations=54 (full 22):
 PSYoungGen      total 95744K, used 0K [0x00000000f5580000, 0x00000000fc380000, 0x0000000100000000)
  eden space 80896K, 0% used [0x00000000f5580000,0x00000000f5580000,0x00000000fa480000)
  from space 14848K, 0% used [0x00000000fb500000,0x00000000fb500000,0x00000000fc380000)
  to   space 15872K, 0% used [0x00000000fa480000,0x00000000fa480000,0x00000000fb400000)
 ParOldGen       total 117248K, used 49691K [0x00000000e0000000, 0x00000000e7280000, 0x00000000f5580000)
  object space 117248K, 42% used [0x00000000e0000000,0x00000000e3086f50,0x00000000e7280000)
 Metaspace       used 90624K, capacity 97976K, committed 98200K, reserved 1134592K
  class space    used 11076K, capacity 13378K, committed 13488K, reserved 1048576K
}
Event: 1355.888 GC heap before
{Heap before GC invocations=55 (full 22):
 PSYoungGen      total 95744K, used 2154K [0x00000000f5580000, 0x00000000fc380000, 0x0000000100000000)
  eden space 80896K, 2% used [0x00000000f5580000,0x00000000f579ab18,0x00000000fa480000)
  from space 14848K, 0% used [0x00000000fb500000,0x00000000fb500000,0x00000000fc380000)
  to   space 15872K, 0% used [0x00000000fa480000,0x00000000fa480000,0x00000000fb400000)
 ParOldGen       total 117248K, used 49691K [0x00000000e0000000, 0x00000000e7280000, 0x00000000f5580000)
  object space 117248K, 42% used [0x00000000e0000000,0x00000000e3086f50,0x00000000e7280000)
 Metaspace       used 90626K, capacity 97976K, committed 98200K, reserved 1134592K
  class space    used 11076K, capacity 13378K, committed 13488K, reserved 1048576K
Event: 1355.895 GC heap after
Heap after GC invocations=55 (full 22):
 PSYoungGen      total 81408K, used 192K [0x00000000f5580000, 0x00000000fc280000, 0x0000000100000000)
  eden space 80896K, 0% used [0x00000000f5580000,0x00000000f5580000,0x00000000fa480000)
  from space 512K, 37% used [0x00000000fa480000,0x00000000fa4b0000,0x00000000fa500000)
  to   space 15360K, 0% used [0x00000000fb380000,0x00000000fb380000,0x00000000fc280000)
 ParOldGen       total 117248K, used 49691K [0x00000000e0000000, 0x00000000e7280000, 0x00000000f5580000)
  object space 117248K, 42% used [0x00000000e0000000,0x00000000e3086f50,0x00000000e7280000)
 Metaspace       used 90626K, capacity 97976K, committed 98200K, reserved 1134592K
  class space    used 11076K, capacity 13378K, committed 13488K, reserved 1048576K
}
Event: 1355.895 GC heap before
{Heap before GC invocations=56 (full 23):
 PSYoungGen      total 81408K, used 192K [0x00000000f5580000, 0x00000000fc280000, 0x0000000100000000)
  eden space 80896K, 0% used [0x00000000f5580000,0x00000000f5580000,0x00000000fa480000)
  from space 512K, 37% used [0x00000000fa480000,0x00000000fa4b0000,0x00000000fa500000)
  to   space 15360K, 0% used [0x00000000fb380000,0x00000000fb380000,0x00000000fc280000)
 ParOldGen       total 117248K, used 49691K [0x00000000e0000000, 0x00000000e7280000, 0x00000000f5580000)
  object space 117248K, 42% used [0x00000000e0000000,0x00000000e3086f50,0x00000000e7280000)
 Metaspace       used 90626K, capacity 97976K, committed 98200K, reserved 1134592K
  class space    used 11076K, capacity 13378K, committed 13488K, reserved 1048576K
Event: 1356.068 GC heap after
Heap after GC invocations=56 (full 23):
 PSYoungGen      total 81408K, used 0K [0x00000000f5580000, 0x00000000fc280000, 0x0000000100000000)
  eden space 80896K, 0% used [0x00000000f5580000,0x00000000f5580000,0x00000000fa480000)
  from space 512K, 0% used [0x00000000fa480000,0x00000000fa480000,0x00000000fa500000)
  to   space 15360K, 0% used [0x00000000fb380000,0x00000000fb380000,0x00000000fc280000)
 ParOldGen       total 117248K, used 49680K [0x00000000e0000000, 0x00000000e7280000, 0x00000000f5580000)
  object space 117248K, 42% used [0x00000000e0000000,0x00000000e3084388,0x00000000e7280000)
 Metaspace       used 90626K, capacity 97976K, committed 98200K, reserved 1134592K
  class space    used 11076K, capacity 13378K, committed 13488K, reserved 1048576K
}

