# JRE version: Java(TM) SE Runtime Environment (8.0_66-b18) (build 1.8.0_66-b18)
# Java VM: Java HotSpot(TM) 64-Bit Server VM (25.66-b18 mixed mode windows-amd64 compressed oops)
Heap:
 PSYoungGen      total 141824K, used 47476K [0x00000000f5580000, 0x00000000fe880000, 0x0000000100000000)
  eden space 141312K, 33% used [0x00000000f5580000,0x00000000f83dd3b0,0x00000000fdf80000)
  from space 512K, 0% used [0x00000000fdf80000,0x00000000fdf80000,0x00000000fe000000)
  to   space 4608K, 0% used [0x00000000fe400000,0x00000000fe400000,0x00000000fe880000)
 ParOldGen       total 102912K, used 54200K [0x00000000e0000000, 0x00000000e6480000, 0x00000000f5580000)
  object space 102912K, 52% used [0x00000000e0000000,0x00000000e34ee060,0x00000000e6480000)
 Metaspace       used 99651K, capacity 107316K, committed 107648K, reserved 1142784K
  class space    used 11732K, capacity 14128K, committed 14208K, reserved 1048576K
GC Heap History (10 events):
Event: 2885.372 GC heap before
{Heap before GC invocations=102 (full 39):
 PSYoungGen      total 141824K, used 160K [0x00000000f5580000, 0x00000000fe980000, 0x0000000100000000)
  eden space 141312K, 0% used [0x00000000f5580000,0x00000000f5580000,0x00000000fdf80000)
  from space 512K, 31% used [0x00000000fdf80000,0x00000000fdfa8000,0x00000000fe000000)
  to   space 5120K, 0% used [0x00000000fe480000,0x00000000fe480000,0x00000000fe980000)
 ParOldGen       total 102912K, used 54128K [0x00000000e0000000, 0x00000000e6480000, 0x00000000f5580000)
  object space 102912K, 52% used [0x00000000e0000000,0x00000000e34dc248,0x00000000e6480000)
 Metaspace       used 98818K, capacity 106714K, committed 107008K, reserved 1142784K
  class space    used 11637K, capacity 13997K, committed 14080K, reserved 1048576K
Event: 2885.594 GC heap after
Heap after GC invocations=102 (full 39):
 PSYoungGen      total 141824K, used 0K [0x00000000f5580000, 0x00000000fe980000, 0x0000000100000000)
  eden space 141312K, 0% used [0x00000000f5580000,0x00000000f5580000,0x00000000fdf80000)
  from space 512K, 0% used [0x00000000fdf80000,0x00000000fdf80000,0x00000000fe000000)
  to   space 5120K, 0% used [0x00000000fe480000,0x00000000fe480000,0x00000000fe980000)
 ParOldGen       total 102912K, used 54007K [0x00000000e0000000, 0x00000000e6480000, 0x00000000f5580000)
  object space 102912K, 52% used [0x00000000e0000000,0x00000000e34bde58,0x00000000e6480000)
 Metaspace       used 98818K, capacity 106714K, committed 107008K, reserved 1142784K
  class space    used 11637K, capacity 13997K, committed 14080K, reserved 1048576K
}
Event: 2945.381 GC heap before
{Heap before GC invocations=103 (full 39):
 PSYoungGen      total 141824K, used 2396K [0x00000000f5580000, 0x00000000fe980000, 0x0000000100000000)
  eden space 141312K, 1% used [0x00000000f5580000,0x00000000f57d7188,0x00000000fdf80000)
  from space 512K, 0% used [0x00000000fdf80000,0x00000000fdf80000,0x00000000fe000000)
  to   space 5120K, 0% used [0x00000000fe480000,0x00000000fe480000,0x00000000fe980000)
 ParOldGen       total 102912K, used 54007K [0x00000000e0000000, 0x00000000e6480000, 0x00000000f5580000)
  object space 102912K, 52% used [0x00000000e0000000,0x00000000e34bde58,0x00000000e6480000)
 Metaspace       used 98818K, capacity 106714K, committed 107008K, reserved 1142784K
  class space    used 11637K, capacity 13997K, committed 14080K, reserved 1048576K
Event: 2945.388 GC heap after
Heap after GC invocations=103 (full 39):
 PSYoungGen      total 146432K, used 192K [0x00000000f5580000, 0x00000000fe980000, 0x0000000100000000)
  eden space 141312K, 0% used [0x00000000f5580000,0x00000000f5580000,0x00000000fdf80000)
  from space 5120K, 3% used [0x00000000fe480000,0x00000000fe4b0000,0x00000000fe980000)
  to   space 5120K, 0% used [0x00000000fdf80000,0x00000000fdf80000,0x00000000fe480000)
 ParOldGen       total 102912K, used 54007K [0x00000000e0000000, 0x00000000e6480000, 0x00000000f5580000)
  object space 102912K, 52% used [0x00000000e0000000,0x00000000e34bde58,0x00000000e6480000)
 Metaspace       used 98818K, capacity 106714K, committed 107008K, reserved 1142784K
  class space    used 11637K, capacity 13997K, committed 14080K, reserved 1048576K
}
Event: 2945.388 GC heap before
{Heap before GC invocations=104 (full 40):
 PSYoungGen      total 146432K, used 192K [0x00000000f5580000, 0x00000000fe980000, 0x0000000100000000)
  eden space 141312K, 0% used [0x00000000f5580000,0x00000000f5580000,0x00000000fdf80000)
  from space 5120K, 3% used [0x00000000fe480000,0x00000000fe4b0000,0x00000000fe980000)
  to   space 5120K, 0% used [0x00000000fdf80000,0x00000000fdf80000,0x00000000fe480000)
 ParOldGen       total 102912K, used 54007K [0x00000000e0000000, 0x00000000e6480000, 0x00000000f5580000)
  object space 102912K, 52% used [0x00000000e0000000,0x00000000e34bde58,0x00000000e6480000)
 Metaspace       used 98818K, capacity 106714K, committed 107008K, reserved 1142784K
  class space    used 11637K, capacity 13997K, committed 14080K, reserved 1048576K
Event: 2945.552 GC heap after
Heap after GC invocations=104 (full 40):
 PSYoungGen      total 146432K, used 0K [0x00000000f5580000, 0x00000000fe980000, 0x0000000100000000)
  eden space 141312K, 0% used [0x00000000f5580000,0x00000000f5580000,0x00000000fdf80000)
  from space 5120K, 0% used [0x00000000fe480000,0x00000000fe480000,0x00000000fe980000)
  to   space 5120K, 0% used [0x00000000fdf80000,0x00000000fdf80000,0x00000000fe480000)
 ParOldGen       total 102912K, used 54007K [0x00000000e0000000, 0x00000000e6480000, 0x00000000f5580000)
  object space 102912K, 52% used [0x00000000e0000000,0x00000000e34bde10,0x00000000e6480000)
 Metaspace       used 98818K, capacity 106714K, committed 107008K, reserved 1142784K
  class space    used 11637K, capacity 13997K, committed 14080K, reserved 1048576K
}
Event: 3005.392 GC heap before
{Heap before GC invocations=105 (full 40):
 PSYoungGen      total 146432K, used 10052K [0x00000000f5580000, 0x00000000fe980000, 0x0000000100000000)
  eden space 141312K, 7% used [0x00000000f5580000,0x00000000f5f510c0,0x00000000fdf80000)
  from space 5120K, 0% used [0x00000000fe480000,0x00000000fe480000,0x00000000fe980000)
  to   space 5120K, 0% used [0x00000000fdf80000,0x00000000fdf80000,0x00000000fe480000)
 ParOldGen       total 102912K, used 54007K [0x00000000e0000000, 0x00000000e6480000, 0x00000000f5580000)
  object space 102912K, 52% used [0x00000000e0000000,0x00000000e34bde10,0x00000000e6480000)
 Metaspace       used 98835K, capacity 106714K, committed 107008K, reserved 1142784K
  class space    used 11638K, capacity 13997K, committed 14080K, reserved 1048576K
Event: 3005.397 GC heap after
Heap after GC invocations=105 (full 40):
 PSYoungGen      total 141824K, used 512K [0x00000000f5580000, 0x00000000fe880000, 0x0000000100000000)
  eden space 141312K, 0% used [0x00000000f5580000,0x00000000f5580000,0x00000000fdf80000)
  from space 512K, 100% used [0x00000000fdf80000,0x00000000fe000000,0x00000000fe000000)
  to   space 4608K, 0% used [0x00000000fe400000,0x00000000fe400000,0x00000000fe880000)
 ParOldGen       total 102912K, used 54015K [0x00000000e0000000, 0x00000000e6480000, 0x00000000f5580000)
  object space 102912K, 52% used [0x00000000e0000000,0x00000000e34bfe10,0x00000000e6480000)
 Metaspace       used 98835K, capacity 106714K, committed 107008K, reserved 1142784K
  class space    used 11638K, capacity 13997K, committed 14080K, reserved 1048576K
}
Event: 3005.398 GC heap before
{Heap before GC invocations=106 (full 41):
 PSYoungGen      total 141824K, used 512K [0x00000000f5580000, 0x00000000fe880000, 0x0000000100000000)
  eden space 141312K, 0% used [0x00000000f5580000,0x00000000f5580000,0x00000000fdf80000)
  from space 512K, 100% used [0x00000000fdf80000,0x00000000fe000000,0x00000000fe000000)
  to   space 4608K, 0% used [0x00000000fe400000,0x00000000fe400000,0x00000000fe880000)
 ParOldGen       total 102912K, used 54015K [0x00000000e0000000, 0x00000000e6480000, 0x00000000f5580000)
  object space 102912K, 52% used [0x00000000e0000000,0x00000000e34bfe10,0x00000000e6480000)
 Metaspace       used 98835K, capacity 106714K, committed 107008K, reserved 1142784K
  class space    used 11638K, capacity 13997K, committed 14080K, reserved 1048576K
Event: 3005.641 GC heap after
Heap after GC invocations=106 (full 41):
 PSYoungGen      total 141824K, used 0K [0x00000000f5580000, 0x00000000fe880000, 0x0000000100000000)
  eden space 141312K, 0% used [0x00000000f5580000,0x00000000f5580000,0x00000000fdf80000)
  from space 512K, 0% used [0x00000000fdf80000,0x00000000fdf80000,0x00000000fe000000)
  to   space 4608K, 0% used [0x00000000fe400000,0x00000000fe400000,0x00000000fe880000)
 ParOldGen       total 102912K, used 54200K [0x00000000e0000000, 0x00000000e6480000, 0x00000000f5580000)
  object space 102912K, 52% used [0x00000000e0000000,0x00000000e34ee060,0x00000000e6480000)
 Metaspace       used 98835K, capacity 106714K, committed 107008K, reserved 1142784K
  class space    used 11638K, capacity 13997K, committed 14080K, reserved 1048576K
}

