# JRE version: Java(TM) SE Runtime Environment (8.0_66-b18) (build 1.8.0_66-b18)
# Java VM: Java HotSpot(TM) 64-Bit Server VM (25.66-b18 mixed mode windows-amd64 compressed oops)
Heap:
 PSYoungGen      total 136192K, used 50464K [0x00000000f5580000, 0x00000000fed00000, 0x0000000100000000)
  eden space 119296K, 42% used [0x00000000f5580000,0x00000000f86c8260,0x00000000fca00000)
  from space 16896K, 0% used [0x00000000fdc80000,0x00000000fdc80000,0x00000000fed00000)
  to   space 17920K, 0% used [0x00000000fca00000,0x00000000fca00000,0x00000000fdb80000)
 ParOldGen       total 141312K, used 57397K [0x00000000e0000000, 0x00000000e8a00000, 0x00000000f5580000)
  object space 141312K, 40% used [0x00000000e0000000,0x00000000e380d560,0x00000000e8a00000)
 Metaspace       used 91676K, capacity 99080K, committed 99288K, reserved 1134592K
  class space    used 10835K, capacity 13240K, committed 13312K, reserved 1048576K
GC Heap History (10 events):
Event: 1017.511 GC heap before
{Heap before GC invocations=52 (full 18):
 PSYoungGen      total 137728K, used 1056K [0x00000000f5580000, 0x00000000ff000000, 0x0000000100000000)
  eden space 119296K, 0% used [0x00000000f5580000,0x00000000f5580000,0x00000000fca00000)
  from space 18432K, 5% used [0x00000000fde00000,0x00000000fdf08000,0x00000000ff000000)
  to   space 19456K, 0% used [0x00000000fca00000,0x00000000fca00000,0x00000000fdd00000)
 ParOldGen       total 141312K, used 57700K [0x00000000e0000000, 0x00000000e8a00000, 0x00000000f5580000)
  object space 141312K, 40% used [0x00000000e0000000,0x00000000e3859150,0x00000000e8a00000)
 Metaspace       used 89835K, capacity 97294K, committed 97368K, reserved 1134592K
  class space    used 10577K, capacity 12919K, committed 12928K, reserved 1048576K
Event: 1017.664 GC heap after
Heap after GC invocations=52 (full 18):
 PSYoungGen      total 137728K, used 0K [0x00000000f5580000, 0x00000000ff000000, 0x0000000100000000)
  eden space 119296K, 0% used [0x00000000f5580000,0x00000000f5580000,0x00000000fca00000)
  from space 18432K, 0% used [0x00000000fde00000,0x00000000fde00000,0x00000000ff000000)
  to   space 19456K, 0% used [0x00000000fca00000,0x00000000fca00000,0x00000000fdd00000)
 ParOldGen       total 141312K, used 58083K [0x00000000e0000000, 0x00000000e8a00000, 0x00000000f5580000)
  object space 141312K, 41% used [0x00000000e0000000,0x00000000e38b8c00,0x00000000e8a00000)
 Metaspace       used 89835K, capacity 97294K, committed 97368K, reserved 1134592K
  class space    used 10577K, capacity 12919K, committed 12928K, reserved 1048576K
}
Event: 1077.506 GC heap before
{Heap before GC invocations=53 (full 18):
 PSYoungGen      total 137728K, used 2610K [0x00000000f5580000, 0x00000000ff000000, 0x0000000100000000)
  eden space 119296K, 2% used [0x00000000f5580000,0x00000000f580caa0,0x00000000fca00000)
  from space 18432K, 0% used [0x00000000fde00000,0x00000000fde00000,0x00000000ff000000)
  to   space 19456K, 0% used [0x00000000fca00000,0x00000000fca00000,0x00000000fdd00000)
 ParOldGen       total 141312K, used 58083K [0x00000000e0000000, 0x00000000e8a00000, 0x00000000f5580000)
  object space 141312K, 41% used [0x00000000e0000000,0x00000000e38b8c00,0x00000000e8a00000)
 Metaspace       used 89842K, capacity 97294K, committed 97368K, reserved 1134592K
  class space    used 10577K, capacity 12919K, committed 12928K, reserved 1048576K
Event: 1077.509 GC heap after
Heap after GC invocations=53 (full 18):
 PSYoungGen      total 119808K, used 192K [0x00000000f5580000, 0x00000000fef00000, 0x0000000100000000)
  eden space 119296K, 0% used [0x00000000f5580000,0x00000000f5580000,0x00000000fca00000)
  from space 512K, 37% used [0x00000000fca00000,0x00000000fca30000,0x00000000fca80000)
  to   space 18944K, 0% used [0x00000000fdc80000,0x00000000fdc80000,0x00000000fef00000)
 ParOldGen       total 141312K, used 58091K [0x00000000e0000000, 0x00000000e8a00000, 0x00000000f5580000)
  object space 141312K, 41% used [0x00000000e0000000,0x00000000e38bac00,0x00000000e8a00000)
 Metaspace       used 89842K, capacity 97294K, committed 97368K, reserved 1134592K
  class space    used 10577K, capacity 12919K, committed 12928K, reserved 1048576K
}
Event: 1077.509 GC heap before
{Heap before GC invocations=54 (full 19):
 PSYoungGen      total 119808K, used 192K [0x00000000f5580000, 0x00000000fef00000, 0x0000000100000000)
  eden space 119296K, 0% used [0x00000000f5580000,0x00000000f5580000,0x00000000fca00000)
  from space 512K, 37% used [0x00000000fca00000,0x00000000fca30000,0x00000000fca80000)
  to   space 18944K, 0% used [0x00000000fdc80000,0x00000000fdc80000,0x00000000fef00000)
 ParOldGen       total 141312K, used 58091K [0x00000000e0000000, 0x00000000e8a00000, 0x00000000f5580000)
  object space 141312K, 41% used [0x00000000e0000000,0x00000000e38bac00,0x00000000e8a00000)
 Metaspace       used 89842K, capacity 97294K, committed 97368K, reserved 1134592K
  class space    used 10577K, capacity 12919K, committed 12928K, reserved 1048576K
Event: 1077.715 GC heap after
Heap after GC invocations=54 (full 19):
 PSYoungGen      total 119808K, used 0K [0x00000000f5580000, 0x00000000fef00000, 0x0000000100000000)
  eden space 119296K, 0% used [0x00000000f5580000,0x00000000f5580000,0x00000000fca00000)
  from space 512K, 0% used [0x00000000fca00000,0x00000000fca00000,0x00000000fca80000)
  to   space 18944K, 0% used [0x00000000fdc80000,0x00000000fdc80000,0x00000000fef00000)
 ParOldGen       total 141312K, used 57396K [0x00000000e0000000, 0x00000000e8a00000, 0x00000000f5580000)
  object space 141312K, 40% used [0x00000000e0000000,0x00000000e380d2c8,0x00000000e8a00000)
 Metaspace       used 89832K, capacity 97276K, committed 97368K, reserved 1134592K
  class space    used 10575K, capacity 12916K, committed 12928K, reserved 1048576K
}
Event: 1137.531 GC heap before
{Heap before GC invocations=55 (full 19):
 PSYoungGen      total 119808K, used 2620K [0x00000000f5580000, 0x00000000fef00000, 0x0000000100000000)
  eden space 119296K, 2% used [0x00000000f5580000,0x00000000f580f360,0x00000000fca00000)
  from space 512K, 0% used [0x00000000fca00000,0x00000000fca00000,0x00000000fca80000)
  to   space 18944K, 0% used [0x00000000fdc80000,0x00000000fdc80000,0x00000000fef00000)
 ParOldGen       total 141312K, used 57396K [0x00000000e0000000, 0x00000000e8a00000, 0x00000000f5580000)
  object space 141312K, 40% used [0x00000000e0000000,0x00000000e380d2c8,0x00000000e8a00000)
 Metaspace       used 89845K, capacity 97276K, committed 97368K, reserved 1134592K
  class space    used 10576K, capacity 12916K, committed 12928K, reserved 1048576K
Event: 1137.534 GC heap after
Heap after GC invocations=55 (full 19):
 PSYoungGen      total 136192K, used 160K [0x00000000f5580000, 0x00000000fed00000, 0x0000000100000000)
  eden space 119296K, 0% used [0x00000000f5580000,0x00000000f5580000,0x00000000fca00000)
  from space 16896K, 0% used [0x00000000fdc80000,0x00000000fdca8000,0x00000000fed00000)
  to   space 17920K, 0% used [0x00000000fca00000,0x00000000fca00000,0x00000000fdb80000)
 ParOldGen       total 141312K, used 57404K [0x00000000e0000000, 0x00000000e8a00000, 0x00000000f5580000)
  object space 141312K, 40% used [0x00000000e0000000,0x00000000e380f2c8,0x00000000e8a00000)
 Metaspace       used 89845K, capacity 97276K, committed 97368K, reserved 1134592K
  class space    used 10576K, capacity 12916K, committed 12928K, reserved 1048576K
}
Event: 1137.534 GC heap before
{Heap before GC invocations=56 (full 20):
 PSYoungGen      total 136192K, used 160K [0x00000000f5580000, 0x00000000fed00000, 0x0000000100000000)
  eden space 119296K, 0% used [0x00000000f5580000,0x00000000f5580000,0x00000000fca00000)
  from space 16896K, 0% used [0x00000000fdc80000,0x00000000fdca8000,0x00000000fed00000)
  to   space 17920K, 0% used [0x00000000fca00000,0x00000000fca00000,0x00000000fdb80000)
 ParOldGen       total 141312K, used 57404K [0x00000000e0000000, 0x00000000e8a00000, 0x00000000f5580000)
  object space 141312K, 40% used [0x00000000e0000000,0x00000000e380f2c8,0x00000000e8a00000)
 Metaspace       used 89845K, capacity 97276K, committed 97368K, reserved 1134592K
  class space    used 10576K, capacity 12916K, committed 12928K, reserved 1048576K
Event: 1137.633 GC heap after
Heap after GC invocations=56 (full 20):
 PSYoungGen      total 136192K, used 0K [0x00000000f5580000, 0x00000000fed00000, 0x0000000100000000)
  eden space 119296K, 0% used [0x00000000f5580000,0x00000000f5580000,0x00000000fca00000)
  from space 16896K, 0% used [0x00000000fdc80000,0x00000000fdc80000,0x00000000fed00000)
  to   space 17920K, 0% used [0x00000000fca00000,0x00000000fca00000,0x00000000fdb80000)
 ParOldGen       total 141312K, used 57397K [0x00000000e0000000, 0x00000000e8a00000, 0x00000000f5580000)
  object space 141312K, 40% used [0x00000000e0000000,0x00000000e380d560,0x00000000e8a00000)
 Metaspace       used 89845K, capacity 97276K, committed 97368K, reserved 1134592K
  class space    used 10576K, capacity 12916K, committed 12928K, reserved 1048576K
}

